<?xml version="1.0" encoding="UTF-8"?>
<!-- Generated by org.testng.reporters.JUnitReportReporter -->
<testsuite skipped="0" hostname="TDG-MBL-GDL402" name="runner.TestRunner" tests="1" failures="0" timestamp="23 Aug 2017 18:49:37 GMT" time="50.501" errors="0">
  <testcase name="feature" time="50.501" classname="runner.TestRunner"/>
</testsuite> <!-- runner.TestRunner -->
